2024-04-03 11-50-53 error : email is a required field
2024-04-03 11-52-03 error : email is a required field
2024-04-03 11-58-01 error : type must be one of the following values: SAVINGS, CURRENT_ACCOUNT, FIXED_SAVINGS_ACCOUNT
2024-04-03 12-00-55 error : Authorization failed
2024-04-11 13-00-34 error : Authorization failed
2024-04-11 13-34-28 error : Authorization failed
2024-04-11 13-42-22 error : Authorization failed
2024-04-11 13-56-18 error : Email already exist
2024-04-11 13-57-54 error : Invalid login details
2024-04-13 02-04-59 error : Email already exist
2024-04-13 14-34-21 error : Authorization failed
2024-04-13 14-34-54 error : Authorization failed
2024-04-13 14-58-42 error : Authorization failed
2024-04-13 14-58-46 error : Authorization failed
2024-04-18 10-22-51 error : firstName is a required field
2024-04-18 10-23-08 error : password must be at least 6 characters
2024-04-18 10-23-16 error : Email already exist
2024-04-19 08-23-26 error : Authorization failed
2024-04-19 10-17-34 error : Token has expired
2024-04-19 10-28-05 error : Invalid login details
2024-04-19 10-29-07 error : Email already exist
2024-04-19 10-29-24 error : Invalid login details
2024-04-19 10-31-52 error : Authorization failed
2024-04-20 07-03-51 error : password must be at least 6 characters
2024-04-20 07-05-39 error : Invalid login: 535-5.7.8 Username and Password not accepted. For more information, go to
535 5.7.8  https://support.google.com/mail/?p=BadCredentials qq22-20020a17090720d600b00a554f6fbb25sm2993311ejb.138 - gsmtp
2024-04-20 07-10-36 error : Invalid login: 535-5.7.8 Username and Password not accepted. For more information, go to
535 5.7.8  https://support.google.com/mail/?p=BadCredentials gw5-20020a170906f14500b00a523be56940sm3001649ejb.136 - gsmtp
2024-04-20 07-11-52 error : Invalid login: 535-5.7.8 Username and Password not accepted. For more information, go to
535 5.7.8  https://support.google.com/mail/?p=BadCredentials k4-20020a50cb84000000b005705bb48307sm2933436edi.42 - gsmtp
2024-04-20 07-15-24 error : Invalid login: 535-5.7.8 Username and Password not accepted. For more information, go to
535 5.7.8  https://support.google.com/mail/?p=BadCredentials dq16-20020a170907735000b00a524318c380sm3017052ejc.80 - gsmtp
2024-04-20 07-16-30 error : Invalid login: 535-5.7.8 Username and Password not accepted. For more information, go to
535 5.7.8  https://support.google.com/mail/?p=BadCredentials p10-20020a17090653ca00b00a5587038aefsm1617403ejo.156 - gsmtp
2024-04-20 07-18-17 error : Invalid login: 535-5.7.8 Username and Password not accepted. For more information, go to
535 5.7.8  https://support.google.com/mail/?p=BadCredentials s13-20020a170906bc4d00b00a553de860c6sm3018711ejv.133 - gsmtp
2024-04-20 07-33-12 error : Authorization failed
2024-04-20 07-47-08 error : getaddrinfo ENOTFOUND smtp.gmail.com
2024-04-20 07-48-13 error : Token has expired
2024-04-20 07-48-36 error : Token has expired
2024-04-20 07-51-52 error : Invalid login details
2024-04-22 09-12-27 error : invalid signature
2024-04-22 09-12-41 error : invalid signature
2024-04-22 09-13-44 error : Email already exist
2024-04-22 09-17-15 error : getaddrinfo ENOTFOUND smtp.gmail.com
2024-04-22 09-22-28 error : Token has expired
2024-04-22 09-23-29 error : getaddrinfo ENOTFOUND smtp.gmail.com
2024-04-22 09-24-47 error : invalid signature
2024-04-22 10-29-09 error : invalid signature
2024-04-22 10-30-27 error : invalid signature
2024-04-22 10-35-37 error : invalid signature
2024-04-22 10-55-57 error : invalid token
2024-04-22 10-57-40 error : invalid token
2024-04-22 10-58-31 error : invalid token
2024-04-22 10-59-05 error : Invalid login details
2024-06-09 05-29-58 error : Invalid login: 535-5.7.8 Username and Password not accepted. For more information, go to
535 5.7.8  https://support.google.com/mail/?p=BadCredentials 4fb4d7f45d1cf-57c5d21517dsm3165739a12.69 - gsmtp
2024-06-09 05-31-55 error : Invalid login: 535-5.7.8 Username and Password not accepted. For more information, go to
535 5.7.8  https://support.google.com/mail/?p=BadCredentials 4fb4d7f45d1cf-57aadf9d064sm5088397a12.10 - gsmtp
2024-06-09 05-34-25 error : Invalid login: 535-5.7.8 Username and Password not accepted. For more information, go to
535 5.7.8  https://support.google.com/mail/?p=BadCredentials 4fb4d7f45d1cf-57aae1008adsm5158112a12.38 - gsmtp
2024-06-09 05-50-45 error : Invalid login: 535-5.7.8 Username and Password not accepted. For more information, go to
535 5.7.8  https://support.google.com/mail/?p=BadCredentials a640c23a62f3a-a6f116dc32fsm98701566b.26 - gsmtp
2024-06-09 05-53-37 error : Invalid login: 535-5.7.8 Username and Password not accepted. For more information, go to
535 5.7.8  https://support.google.com/mail/?p=BadCredentials a640c23a62f3a-a6f127398c4sm82013166b.202 - gsmtp
2024-06-09 05-54-25 error : Invalid login: 535-5.7.8 Username and Password not accepted. For more information, go to
535 5.7.8  https://support.google.com/mail/?p=BadCredentials a640c23a62f3a-a6f110ff957sm103818166b.36 - gsmtp
2024-06-09 05-54-31 error : Invalid login: 535-5.7.8 Username and Password not accepted. For more information, go to
535 5.7.8  https://support.google.com/mail/?p=BadCredentials a640c23a62f3a-a6efec85ae8sm181148766b.184 - gsmtp
2024-06-09 05-55-09 error : Invalid login: 535-5.7.8 Username and Password not accepted. For more information, go to
535 5.7.8  https://support.google.com/mail/?p=BadCredentials a640c23a62f3a-a6efdb3fe18sm194149666b.173 - gsmtp
2024-06-11 02-00-48 error : Email already exist
2024-06-11 02-02-36 error : Invalid login details
2024-06-11 02-03-31 error : getaddrinfo ENOTFOUND smtp.gmail.com
2024-06-11 02-06-13 error : Invalid login: 535-5.7.8 Username and Password not accepted. For more information, go to
535 5.7.8  https://support.google.com/mail/?p=BadCredentials a640c23a62f3a-a6f0f5ee702sm347432966b.52 - gsmtp
2024-06-11 02-26-03 error : Invalid login: 535-5.7.8 Username and Password not accepted. For more information, go to
535 5.7.8  https://support.google.com/mail/?p=BadCredentials 4fb4d7f45d1cf-57c82a5e0f9sm2542139a12.12 - gsmtp
2024-06-11 09-34-31 error : Invalid login: 535-5.7.8 Username and Password not accepted. For more information, go to
535 5.7.8  https://support.google.com/mail/?p=BadCredentials a640c23a62f3a-a6f10d1c044sm361077266b.163 - gsmtp
2024-06-11 10-09-02 error : Invalid login: 535-5.7.8 Username and Password not accepted. For more information, go to
535 5.7.8  https://support.google.com/mail/?p=BadCredentials a640c23a62f3a-a6efae62543sm471597266b.187 - gsmtp
2024-06-11 10-10-00 error : Email already exist
2024-06-11 10-10-37 error : Invalid login: 535-5.7.8 Username and Password not accepted. For more information, go to
535 5.7.8  https://support.google.com/mail/?p=BadCredentials af79cd13be357-795330b24d4sm499783185a.96 - gsmtp
2024-06-11 10-40-25 error : Invalid login: 535-5.7.8 Username and Password not accepted. For more information, go to
535 5.7.8  https://support.google.com/mail/?p=BadCredentials a640c23a62f3a-a6f1b45e717sm281560766b.82 - gsmtp
2024-06-11 10-42-42 error : Invalid login: 535-5.7.8 Username and Password not accepted. For more information, go to
535 5.7.8  https://support.google.com/mail/?p=BadCredentials 4fb4d7f45d1cf-57c9cf42d07sm335310a12.63 - gsmtp
